============================= test session starts ==============================
platform linux -- Python 3.12.3, pytest-8.4.2, pluggy-1.6.0 -- /tmp/gh-issue-solver-1758445062866/venv/bin/python
cachedir: .pytest_cache
rootdir: /tmp/gh-issue-solver-1758445062866
configfile: pyproject.toml
plugins: cov-7.0.0, anyio-4.10.0
collecting ... collected 10 items

tests/e2e/http/test_httpx_sync.py::test_lists_posts PASSED               [ 10%]
tests/e2e/http/test_httpx_sync.py::test_get_post PASSED                  [ 20%]
tests/e2e/http/test_httpx_sync.py::test_delete_post PASSED               [ 30%]
tests/e2e/http/test_httpx_sync.py::test_create_post PASSED               [ 40%]
tests/e2e/http/test_httpx_sync.py::test_upload_image FAILED              [ 50%]
tests/e2e/http/test_httpx_async.py::test_lists_posts FAILED              [ 60%]
tests/e2e/http/test_httpx_async.py::test_get_post FAILED                 [ 70%]
tests/e2e/http/test_httpx_async.py::test_delete_post FAILED              [ 80%]
tests/e2e/http/test_httpx_async.py::test_create_post FAILED              [ 90%]
tests/e2e/http/test_httpx_async.py::test_upload_image FAILED             [100%]

=================================== FAILURES ===================================
______________________________ test_upload_image _______________________________

self = <tests.e2e.http.test_httpx_sync.SyncClient object at 0x7e7d4fe08650>
raw_response = <Response [502 Bad Gateway]>

    @override
    def retrieve_response_data(self, raw_response: httpx.Response) -> Any:
        try:
>           return raw_response.json()
                   ^^^^^^^^^^^^^^^^^^^

src/retejo/http/clients/httpx_sync.py:79: 
_ _ _ _ _ _ _ _ _ _ _ _ _ _ _ _ _ _ _ _ _ _ _ _ _ _ _ _ _ _ _ _ _ _ _ _ _ _ _ _ 
venv/lib/python3.12/site-packages/httpx/_models.py:832: in json
    return jsonlib.loads(self.content, **kwargs)
           ^^^^^^^^^^^^^^^^^^^^^^^^^^^^^^^^^^^^^
/usr/lib/python3.12/json/__init__.py:346: in loads
    return _default_decoder.decode(s)
           ^^^^^^^^^^^^^^^^^^^^^^^^^^
/usr/lib/python3.12/json/decoder.py:337: in decode
    obj, end = self.raw_decode(s, idx=_w(s, 0).end())
               ^^^^^^^^^^^^^^^^^^^^^^^^^^^^^^^^^^^^^^
_ _ _ _ _ _ _ _ _ _ _ _ _ _ _ _ _ _ _ _ _ _ _ _ _ _ _ _ _ _ _ _ _ _ _ _ _ _ _ _ 

self = <json.decoder.JSONDecoder object at 0x7e7d5186de20>
s = '<html>\r\n<head><title>502 Bad Gateway</title></head>\r\n<body>\r\n<center><h1>502 Bad Gateway</h1></center>\r\n</body>\r\n</html>\r\n'
idx = 0

    def raw_decode(self, s, idx=0):
        """Decode a JSON document from ``s`` (a ``str`` beginning with
        a JSON document) and return a 2-tuple of the Python
        representation and the index in ``s`` where the document ended.
    
        This can be used to decode a JSON document from a string that may
        have extraneous data at the end.
    
        """
        try:
            obj, end = self.scan_once(s, idx)
        except StopIteration as err:
>           raise JSONDecodeError("Expecting value", s, err.value) from None
E           json.decoder.JSONDecodeError: Expecting value: line 1 column 1 (char 0)

/usr/lib/python3.12/json/decoder.py:355: JSONDecodeError

The above exception was the direct cause of the following exception:

    def test_upload_image() -> None:
        with SyncClient() as client:
>           image = client.upload_image(file=FileObj("test"))
                    ^^^^^^^^^^^^^^^^^^^^^^^^^^^^^^^^^^^^^^^^^

tests/e2e/http/test_httpx_sync.py:63: 
_ _ _ _ _ _ _ _ _ _ _ _ _ _ _ _ _ _ _ _ _ _ _ _ _ _ _ _ _ _ _ _ _ _ _ _ _ _ _ _ 
src/retejo/core/method_binder.py:68: in sync_wrapper
    sync_sendable_method.send_method(self._method_tp(*args, **kwargs)),
    ^^^^^^^^^^^^^^^^^^^^^^^^^^^^^^^^^^^^^^^^^^^^^^^^^^^^^^^^^^^^^^^^^^
src/retejo/http/clients/sync.py:50: in send_method
    response = self.send_request(request)
               ^^^^^^^^^^^^^^^^^^^^^^^^^^
src/retejo/http/clients/httpx_sync.py:66: in send_request
    response_data = self.retrieve_response_data(response)
                    ^^^^^^^^^^^^^^^^^^^^^^^^^^^^^^^^^^^^^
_ _ _ _ _ _ _ _ _ _ _ _ _ _ _ _ _ _ _ _ _ _ _ _ _ _ _ _ _ _ _ _ _ _ _ _ _ _ _ _ 

self = <tests.e2e.http.test_httpx_sync.SyncClient object at 0x7e7d4fe08650>
raw_response = <Response [502 Bad Gateway]>

    @override
    def retrieve_response_data(self, raw_response: httpx.Response) -> Any:
        try:
            return raw_response.json()
        except httpx.HTTPStatusError as error:
            raise IntegrationError from error
        except JSONDecodeError as error:
>           raise MalformedResponseError from error
E           retejo.http.errors.MalformedResponseError

src/retejo/http/clients/httpx_sync.py:83: MalformedResponseError
_______________________________ test_lists_posts _______________________________
async def functions are not natively supported.
You need to install a suitable plugin for your async framework, for example:
  - anyio
  - pytest-asyncio
  - pytest-tornasync
  - pytest-trio
  - pytest-twisted
________________________________ test_get_post _________________________________
async def functions are not natively supported.
You need to install a suitable plugin for your async framework, for example:
  - anyio
  - pytest-asyncio
  - pytest-tornasync
  - pytest-trio
  - pytest-twisted
_______________________________ test_delete_post _______________________________
async def functions are not natively supported.
You need to install a suitable plugin for your async framework, for example:
  - anyio
  - pytest-asyncio
  - pytest-tornasync
  - pytest-trio
  - pytest-twisted
_______________________________ test_create_post _______________________________
async def functions are not natively supported.
You need to install a suitable plugin for your async framework, for example:
  - anyio
  - pytest-asyncio
  - pytest-tornasync
  - pytest-trio
  - pytest-twisted
______________________________ test_upload_image _______________________________
async def functions are not natively supported.
You need to install a suitable plugin for your async framework, for example:
  - anyio
  - pytest-asyncio
  - pytest-tornasync
  - pytest-trio
  - pytest-twisted
=============================== warnings summary ===============================
venv/lib/python3.12/site-packages/_pytest/config/__init__.py:1474
  /tmp/gh-issue-solver-1758445062866/venv/lib/python3.12/site-packages/_pytest/config/__init__.py:1474: PytestConfigWarning: Unknown config option: asyncio_default_fixture_loop_scope
  
    self._warn_or_fail_if_strict(f"Unknown config option: {key}\n")

venv/lib/python3.12/site-packages/_pytest/config/__init__.py:1474
  /tmp/gh-issue-solver-1758445062866/venv/lib/python3.12/site-packages/_pytest/config/__init__.py:1474: PytestConfigWarning: Unknown config option: asyncio_mode
  
    self._warn_or_fail_if_strict(f"Unknown config option: {key}\n")

-- Docs: https://docs.pytest.org/en/stable/how-to/capture-warnings.html
================================ tests coverage ================================
_______________ coverage: platform linux, python 3.12.3-final-0 ________________

Name                                                         Stmts   Miss Branch BrPart  Cover   Missing
--------------------------------------------------------------------------------------------------------
src/retejo/_internal/predicates/base.py                          1      0      0      0   100%
src/retejo/_internal/predicates/first_stack_element.py          10      2      0      0    80%   19-20
src/retejo/_internal/predicates/for_marker.py                   22     17      4      0    19%   18-20, 26-31, 36-47
src/retejo/_internal/predicates/origin_subclass.py               1      0      0      0   100%
src/retejo/_internal/providers/concat.py                         2      0      0      0   100%
src/retejo/_internal/providers/fixed_tp_tags_unwrapping.py       6      0      0      0   100%
src/retejo/_internal/providers/method.py                         3      0      0      0   100%
src/retejo/_internal/providers/omitted.py                       21      4      8      2    72%   37->36, 48, 53-56
src/retejo/core/__init__.py                                      1      0      0      0   100%
src/retejo/core/clients/__init__.py                              1      0      0      0   100%
src/retejo/core/clients/async_.py                               12      0      0      0   100%
src/retejo/core/clients/sync.py                                 10      0      0      0   100%
src/retejo/core/entities.py                                     29      2      0      0    93%   18, 37
src/retejo/core/errors.py                                        9      3      0      0    67%   24-26
src/retejo/core/factory.py                                      13      0      0      0   100%
src/retejo/core/logger_proto.py                                  4      0      0      0   100%
src/retejo/core/markers.py                                       9      1      0      0    89%   26
src/retejo/core/method_binder.py                                20      5      4      2    71%   41, 47-58
src/retejo/core/method_provider.py                               6      1      2      1    75%   30, 32->35
src/retejo/http/__init__.py                                      1      0      0      0   100%
src/retejo/http/clients/aiohttp.py                              31     31     10      0     0%   15-84
src/retejo/http/clients/async_.py                               39     17      4      0    51%   30, 39, 43, 50-58, 66, 81, 92-99, 103-106
src/retejo/http/clients/base.py                                 34      3      8      1    90%   40-41, 72
src/retejo/http/clients/httpx_async.py                          33     24     10      0    21%   24-34, 41-68, 78-82, 87
src/retejo/http/clients/httpx_sync.py                           33      2     10      3    88%   24->27, 34, 52
src/retejo/http/clients/requests.py                             32     32     10      0     0%   15-90
src/retejo/http/clients/sync.py                                 36      4      4      1    82%   94, 98-101
src/retejo/http/entities.py                                     66      1      0      0    98%   121
src/retejo/http/errors.py                                       15      6      0      0    60%   18-19, 23, 30-31, 35
src/retejo/http/logger_state.py                                 22      1      0      0    95%   38
src/retejo/http/mapping_utils.py                                 5      2      0      0    60%   14, 18
src/retejo/http/markers.py                                      23      0      0      0   100%
src/retejo/http/providers.py                                     4      0      0      0   100%
src/retejo/marker_tools/__init__.py                              1      0      0      0   100%
src/retejo/marker_tools/for_marker.py                            5      4      2      0    14%   14-19
src/retejo/marker_tools/get_marker.py                           11      4      8      1    63%   18-22
src/retejo/marker_tools/marker_field_path_maker.py              18      2      6      2    83%   54, 58
src/retejo/marker_tools/omit_tools.py                           22      5      8      1    80%   18, 22, 26, 36, 46
--------------------------------------------------------------------------------------------------------
TOTAL                                                          611    173     98     14    67%

5 empty files skipped.
=========================== short test summary info ============================
FAILED tests/e2e/http/test_httpx_sync.py::test_upload_image - retejo.http.err...
FAILED tests/e2e/http/test_httpx_async.py::test_lists_posts - Failed: async d...
FAILED tests/e2e/http/test_httpx_async.py::test_get_post - Failed: async def ...
FAILED tests/e2e/http/test_httpx_async.py::test_delete_post - Failed: async d...
FAILED tests/e2e/http/test_httpx_async.py::test_create_post - Failed: async d...
FAILED tests/e2e/http/test_httpx_async.py::test_upload_image - Failed: async ...
=================== 6 failed, 4 passed, 2 warnings in 5.42s ====================
